Superblock:
valid
100
1
2
18
1
94
2
5
6
no
Bmap for i-nodes:
0 0 0 0 0 0 0 0 0 0 0 0 0 0 0 0
0 0 
Bmap for data blocks:
0 0 0 0 0 0 0 0 0 0 0 0 0 0 0 0
0 0 0 0 0 0 0 0 0 0 0 0 0 0 0 0
0 0 0 0 0 0 0 0 0 0 0 0 0 0 0 0
0 0 0 0 0 0 0 0 0 0 0 0 0 0 0 0
0 0 0 0 0 0 0 0 0 0 0 0 0 0 0 0
0 0 0 0 0 0 0 0 0 0 0 0 0 0 
i-nodes:
0:
	invalid
1:
	invalid
2:
	invalid
3:
	invalid
4:
	invalid
5:
	invalid
6:
	invalid
7:
	invalid
8:
	invalid
9:
	invalid
10:
	invalid
11:
	invalid
12:
	invalid
13:
	invalid
14:
	invalid
15:
	invalid
16:
	invalid
17:
	invalid
